E:\AUTOMATICA SI CALCULATOARE\AN III\EGC\TEMA2\TEMA 2\LAB2\DEBUG\CAR.OBJ
E:\AUTOMATICA SI CALCULATOARE\AN III\EGC\TEMA2\TEMA 2\LAB2\DEBUG\DRAWINGWINDOW.OBJ
E:\AUTOMATICA SI CALCULATOARE\AN III\EGC\TEMA2\TEMA 2\LAB2\DEBUG\TRANSFORM2D.OBJ
E:\AUTOMATICA SI CALCULATOARE\AN III\EGC\TEMA2\TEMA 2\LAB2\DEBUG\TRANSFORM3D.OBJ
E:\AUTOMATICA SI CALCULATOARE\AN III\EGC\TEMA2\TEMA 2\LAB2\DEBUG\VISUAL2D.OBJ
E:\AUTOMATICA SI CALCULATOARE\AN III\EGC\TEMA2\TEMA 2\LAB2\DEBUG\MAIN.OBJ
E:\AUTOMATICA SI CALCULATOARE\AN III\EGC\TEMA2\TEMA 2\LAB2\DEBUG\CONTAINER.OBJ
E:\AUTOMATICA SI CALCULATOARE\AN III\EGC\TEMA2\TEMA 2\LAB2\DEBUG\PARALLELEPIPED.OBJ
E:\AUTOMATICA SI CALCULATOARE\AN III\EGC\TEMA2\TEMA 2\LAB2\DEBUG\ROAD.OBJ
E:\AUTOMATICA SI CALCULATOARE\AN III\EGC\TEMA2\TEMA 2\LAB2\DEBUG\VC110.PDB
E:\AUTOMATICA SI CALCULATOARE\AN III\EGC\TEMA2\TEMA 2\DEBUG\LAB2.ILK
E:\AUTOMATICA SI CALCULATOARE\AN III\EGC\TEMA2\TEMA 2\DEBUG\LAB2.EXE
E:\AUTOMATICA SI CALCULATOARE\AN III\EGC\TEMA2\TEMA 2\DEBUG\LAB2.PDB
E:\Automatica si calculatoare\AN III\EGC\Tema2\Tema 2\lab2\Debug\Car.obj
E:\Automatica si calculatoare\AN III\EGC\Tema2\Tema 2\lab2\Debug\Container.obj
E:\Automatica si calculatoare\AN III\EGC\Tema2\Tema 2\lab2\Debug\DrawingWindow.obj
E:\Automatica si calculatoare\AN III\EGC\Tema2\Tema 2\lab2\Debug\main.obj
E:\Automatica si calculatoare\AN III\EGC\Tema2\Tema 2\lab2\Debug\Parallelepiped.obj
E:\Automatica si calculatoare\AN III\EGC\Tema2\Tema 2\lab2\Debug\Road.obj
E:\Automatica si calculatoare\AN III\EGC\Tema2\Tema 2\lab2\Debug\Transform2D.obj
E:\Automatica si calculatoare\AN III\EGC\Tema2\Tema 2\lab2\Debug\Transform3D.obj
E:\Automatica si calculatoare\AN III\EGC\Tema2\Tema 2\lab2\Debug\Visual2D.obj
E:\Automatica si calculatoare\AN III\EGC\Tema2\Tema 2\lab2\Debug\cl.command.1.tlog
E:\Automatica si calculatoare\AN III\EGC\Tema2\Tema 2\lab2\Debug\CL.read.1.tlog
E:\Automatica si calculatoare\AN III\EGC\Tema2\Tema 2\lab2\Debug\CL.write.1.tlog
E:\Automatica si calculatoare\AN III\EGC\Tema2\Tema 2\lab2\Debug\link-cvtres.read.1.tlog
E:\Automatica si calculatoare\AN III\EGC\Tema2\Tema 2\lab2\Debug\link-cvtres.write.1.tlog
E:\Automatica si calculatoare\AN III\EGC\Tema2\Tema 2\lab2\Debug\link-rc.read.1.tlog
E:\Automatica si calculatoare\AN III\EGC\Tema2\Tema 2\lab2\Debug\link-rc.write.1.tlog
E:\Automatica si calculatoare\AN III\EGC\Tema2\Tema 2\lab2\Debug\link.1076-cvtres.read.1.tlog
E:\Automatica si calculatoare\AN III\EGC\Tema2\Tema 2\lab2\Debug\link.1076-cvtres.write.1.tlog
E:\Automatica si calculatoare\AN III\EGC\Tema2\Tema 2\lab2\Debug\link.1076-rc.read.1.tlog
E:\Automatica si calculatoare\AN III\EGC\Tema2\Tema 2\lab2\Debug\link.1076-rc.write.1.tlog
E:\Automatica si calculatoare\AN III\EGC\Tema2\Tema 2\lab2\Debug\link.1076.read.1.tlog
E:\Automatica si calculatoare\AN III\EGC\Tema2\Tema 2\lab2\Debug\link.1076.write.1.tlog
E:\Automatica si calculatoare\AN III\EGC\Tema2\Tema 2\lab2\Debug\link.2372-cvtres.read.1.tlog
E:\Automatica si calculatoare\AN III\EGC\Tema2\Tema 2\lab2\Debug\link.2372-cvtres.write.1.tlog
E:\Automatica si calculatoare\AN III\EGC\Tema2\Tema 2\lab2\Debug\link.2372-rc.read.1.tlog
E:\Automatica si calculatoare\AN III\EGC\Tema2\Tema 2\lab2\Debug\link.2372-rc.write.1.tlog
E:\Automatica si calculatoare\AN III\EGC\Tema2\Tema 2\lab2\Debug\link.2372.read.1.tlog
E:\Automatica si calculatoare\AN III\EGC\Tema2\Tema 2\lab2\Debug\link.2372.write.1.tlog
E:\Automatica si calculatoare\AN III\EGC\Tema2\Tema 2\lab2\Debug\link.4012-cvtres.read.1.tlog
E:\Automatica si calculatoare\AN III\EGC\Tema2\Tema 2\lab2\Debug\link.4012-cvtres.write.1.tlog
E:\Automatica si calculatoare\AN III\EGC\Tema2\Tema 2\lab2\Debug\link.4012-rc.read.1.tlog
E:\Automatica si calculatoare\AN III\EGC\Tema2\Tema 2\lab2\Debug\link.4012-rc.write.1.tlog
E:\Automatica si calculatoare\AN III\EGC\Tema2\Tema 2\lab2\Debug\link.4012.read.1.tlog
E:\Automatica si calculatoare\AN III\EGC\Tema2\Tema 2\lab2\Debug\link.4012.write.1.tlog
E:\Automatica si calculatoare\AN III\EGC\Tema2\Tema 2\lab2\Debug\link.5324-cvtres.read.1.tlog
E:\Automatica si calculatoare\AN III\EGC\Tema2\Tema 2\lab2\Debug\link.5324-cvtres.write.1.tlog
E:\Automatica si calculatoare\AN III\EGC\Tema2\Tema 2\lab2\Debug\link.5324-rc.read.1.tlog
E:\Automatica si calculatoare\AN III\EGC\Tema2\Tema 2\lab2\Debug\link.5324-rc.write.1.tlog
E:\Automatica si calculatoare\AN III\EGC\Tema2\Tema 2\lab2\Debug\link.5324.read.1.tlog
E:\Automatica si calculatoare\AN III\EGC\Tema2\Tema 2\lab2\Debug\link.5324.write.1.tlog
E:\Automatica si calculatoare\AN III\EGC\Tema2\Tema 2\lab2\Debug\link.5564-cvtres.read.1.tlog
E:\Automatica si calculatoare\AN III\EGC\Tema2\Tema 2\lab2\Debug\link.5564-cvtres.write.1.tlog
E:\Automatica si calculatoare\AN III\EGC\Tema2\Tema 2\lab2\Debug\link.5564-rc.read.1.tlog
E:\Automatica si calculatoare\AN III\EGC\Tema2\Tema 2\lab2\Debug\link.5564-rc.write.1.tlog
E:\Automatica si calculatoare\AN III\EGC\Tema2\Tema 2\lab2\Debug\link.5564.read.1.tlog
E:\Automatica si calculatoare\AN III\EGC\Tema2\Tema 2\lab2\Debug\link.5564.write.1.tlog
E:\Automatica si calculatoare\AN III\EGC\Tema2\Tema 2\lab2\Debug\link.5824-cvtres.read.1.tlog
E:\Automatica si calculatoare\AN III\EGC\Tema2\Tema 2\lab2\Debug\link.5824-cvtres.write.1.tlog
E:\Automatica si calculatoare\AN III\EGC\Tema2\Tema 2\lab2\Debug\link.5824-rc.read.1.tlog
E:\Automatica si calculatoare\AN III\EGC\Tema2\Tema 2\lab2\Debug\link.5824-rc.write.1.tlog
E:\Automatica si calculatoare\AN III\EGC\Tema2\Tema 2\lab2\Debug\link.5824.read.1.tlog
E:\Automatica si calculatoare\AN III\EGC\Tema2\Tema 2\lab2\Debug\link.5824.write.1.tlog
E:\Automatica si calculatoare\AN III\EGC\Tema2\Tema 2\lab2\Debug\link.6304-cvtres.read.1.tlog
E:\Automatica si calculatoare\AN III\EGC\Tema2\Tema 2\lab2\Debug\link.6304-cvtres.write.1.tlog
E:\Automatica si calculatoare\AN III\EGC\Tema2\Tema 2\lab2\Debug\link.6304-rc.read.1.tlog
E:\Automatica si calculatoare\AN III\EGC\Tema2\Tema 2\lab2\Debug\link.6304-rc.write.1.tlog
E:\Automatica si calculatoare\AN III\EGC\Tema2\Tema 2\lab2\Debug\link.6304.read.1.tlog
E:\Automatica si calculatoare\AN III\EGC\Tema2\Tema 2\lab2\Debug\link.6304.write.1.tlog
E:\Automatica si calculatoare\AN III\EGC\Tema2\Tema 2\lab2\Debug\link.6944-cvtres.read.1.tlog
E:\Automatica si calculatoare\AN III\EGC\Tema2\Tema 2\lab2\Debug\link.6944-cvtres.write.1.tlog
E:\Automatica si calculatoare\AN III\EGC\Tema2\Tema 2\lab2\Debug\link.6944-rc.read.1.tlog
E:\Automatica si calculatoare\AN III\EGC\Tema2\Tema 2\lab2\Debug\link.6944-rc.write.1.tlog
E:\Automatica si calculatoare\AN III\EGC\Tema2\Tema 2\lab2\Debug\link.6944.read.1.tlog
E:\Automatica si calculatoare\AN III\EGC\Tema2\Tema 2\lab2\Debug\link.6944.write.1.tlog
E:\Automatica si calculatoare\AN III\EGC\Tema2\Tema 2\lab2\Debug\link.832-cvtres.read.1.tlog
E:\Automatica si calculatoare\AN III\EGC\Tema2\Tema 2\lab2\Debug\link.832-cvtres.write.1.tlog
E:\Automatica si calculatoare\AN III\EGC\Tema2\Tema 2\lab2\Debug\link.832-rc.read.1.tlog
E:\Automatica si calculatoare\AN III\EGC\Tema2\Tema 2\lab2\Debug\link.832-rc.write.1.tlog
E:\Automatica si calculatoare\AN III\EGC\Tema2\Tema 2\lab2\Debug\link.832.read.1.tlog
E:\Automatica si calculatoare\AN III\EGC\Tema2\Tema 2\lab2\Debug\link.832.write.1.tlog
E:\Automatica si calculatoare\AN III\EGC\Tema2\Tema 2\lab2\Debug\link.command.1.tlog
E:\Automatica si calculatoare\AN III\EGC\Tema2\Tema 2\lab2\Debug\link.read.1.tlog
E:\Automatica si calculatoare\AN III\EGC\Tema2\Tema 2\lab2\Debug\link.write.1.tlog
E:\Automatica si calculatoare\AN III\EGC\Tema2\Tema 2\lab2\Debug\vc110.idb
E:\Automatica si calculatoare\AN III\EGC\Tema2\Tema 2\lab2\Debug\vc110.pdb
E:\Automatica si calculatoare\AN III\EGC\Tema2\Tema 2\Debug\lab2.pdb
E:\Automatica si calculatoare\AN III\EGC\Tema2\Tema 2\Debug\lab2.exe
E:\Automatica si calculatoare\AN III\EGC\Tema2\Tema 2\Debug\lab2.ilk
