E:\AUTOMATICA SI CALCULATOARE\AN III\EGC\TEMA1\RALUCA_COSNSTANDA_332_TEMA1_EGC\LAB2\DEBUG\BULLET.OBJ
E:\AUTOMATICA SI CALCULATOARE\AN III\EGC\TEMA1\RALUCA_COSNSTANDA_332_TEMA1_EGC\LAB2\DEBUG\DRAWINGWINDOW.OBJ
E:\AUTOMATICA SI CALCULATOARE\AN III\EGC\TEMA1\RALUCA_COSNSTANDA_332_TEMA1_EGC\LAB2\DEBUG\TRANSFORM2D.OBJ
E:\AUTOMATICA SI CALCULATOARE\AN III\EGC\TEMA1\RALUCA_COSNSTANDA_332_TEMA1_EGC\LAB2\DEBUG\VISUAL2D.OBJ
E:\AUTOMATICA SI CALCULATOARE\AN III\EGC\TEMA1\RALUCA_COSNSTANDA_332_TEMA1_EGC\LAB2\DEBUG\MAIN.OBJ
E:\AUTOMATICA SI CALCULATOARE\AN III\EGC\TEMA1\RALUCA_COSNSTANDA_332_TEMA1_EGC\LAB2\DEBUG\OPPONENT.OBJ
E:\AUTOMATICA SI CALCULATOARE\AN III\EGC\TEMA1\RALUCA_COSNSTANDA_332_TEMA1_EGC\LAB2\DEBUG\OPPONENT2SQUARES.OBJ
E:\AUTOMATICA SI CALCULATOARE\AN III\EGC\TEMA1\RALUCA_COSNSTANDA_332_TEMA1_EGC\LAB2\DEBUG\OPPONENTDIAMOND.OBJ
E:\AUTOMATICA SI CALCULATOARE\AN III\EGC\TEMA1\RALUCA_COSNSTANDA_332_TEMA1_EGC\LAB2\DEBUG\OPPONENTPLANE.OBJ
E:\AUTOMATICA SI CALCULATOARE\AN III\EGC\TEMA1\RALUCA_COSNSTANDA_332_TEMA1_EGC\LAB2\DEBUG\OPPONENTSTAR.OBJ
E:\AUTOMATICA SI CALCULATOARE\AN III\EGC\TEMA1\RALUCA_COSNSTANDA_332_TEMA1_EGC\LAB2\DEBUG\OPPONENTTETRIS.OBJ
E:\AUTOMATICA SI CALCULATOARE\AN III\EGC\TEMA1\RALUCA_COSNSTANDA_332_TEMA1_EGC\LAB2\DEBUG\PLAYER.OBJ
E:\AUTOMATICA SI CALCULATOARE\AN III\EGC\TEMA1\RALUCA_COSNSTANDA_332_TEMA1_EGC\LAB2\DEBUG\VC110.PDB
E:\AUTOMATICA SI CALCULATOARE\AN III\EGC\TEMA1\RALUCA_COSNSTANDA_332_TEMA1_EGC\DEBUG\LAB2.ILK
E:\AUTOMATICA SI CALCULATOARE\AN III\EGC\TEMA1\RALUCA_COSNSTANDA_332_TEMA1_EGC\DEBUG\LAB2.EXE
E:\AUTOMATICA SI CALCULATOARE\AN III\EGC\TEMA1\RALUCA_COSNSTANDA_332_TEMA1_EGC\DEBUG\LAB2.PDB
E:\Automatica si calculatoare\AN III\EGC\Tema1\Raluca_Cosnstanda_332_Tema1_EGC\lab2\Debug\Bullet.obj
E:\Automatica si calculatoare\AN III\EGC\Tema1\Raluca_Cosnstanda_332_Tema1_EGC\lab2\Debug\DrawingWindow.obj
E:\Automatica si calculatoare\AN III\EGC\Tema1\Raluca_Cosnstanda_332_Tema1_EGC\lab2\Debug\main.obj
E:\Automatica si calculatoare\AN III\EGC\Tema1\Raluca_Cosnstanda_332_Tema1_EGC\lab2\Debug\Opponent.obj
E:\Automatica si calculatoare\AN III\EGC\Tema1\Raluca_Cosnstanda_332_Tema1_EGC\lab2\Debug\Opponent2Squares.obj
E:\Automatica si calculatoare\AN III\EGC\Tema1\Raluca_Cosnstanda_332_Tema1_EGC\lab2\Debug\OpponentDiamond.obj
E:\Automatica si calculatoare\AN III\EGC\Tema1\Raluca_Cosnstanda_332_Tema1_EGC\lab2\Debug\OpponentPlane.obj
E:\Automatica si calculatoare\AN III\EGC\Tema1\Raluca_Cosnstanda_332_Tema1_EGC\lab2\Debug\OpponentStar.obj
E:\Automatica si calculatoare\AN III\EGC\Tema1\Raluca_Cosnstanda_332_Tema1_EGC\lab2\Debug\OpponentTetris.obj
E:\Automatica si calculatoare\AN III\EGC\Tema1\Raluca_Cosnstanda_332_Tema1_EGC\lab2\Debug\Player.obj
E:\Automatica si calculatoare\AN III\EGC\Tema1\Raluca_Cosnstanda_332_Tema1_EGC\lab2\Debug\Transform2D.obj
E:\Automatica si calculatoare\AN III\EGC\Tema1\Raluca_Cosnstanda_332_Tema1_EGC\lab2\Debug\Visual2D.obj
E:\Automatica si calculatoare\AN III\EGC\Tema1\Raluca_Cosnstanda_332_Tema1_EGC\lab2\Debug\cl.command.1.tlog
E:\Automatica si calculatoare\AN III\EGC\Tema1\Raluca_Cosnstanda_332_Tema1_EGC\lab2\Debug\CL.read.1.tlog
E:\Automatica si calculatoare\AN III\EGC\Tema1\Raluca_Cosnstanda_332_Tema1_EGC\lab2\Debug\CL.write.1.tlog
E:\Automatica si calculatoare\AN III\EGC\Tema1\Raluca_Cosnstanda_332_Tema1_EGC\lab2\Debug\link-cvtres.read.1.tlog
E:\Automatica si calculatoare\AN III\EGC\Tema1\Raluca_Cosnstanda_332_Tema1_EGC\lab2\Debug\link-cvtres.write.1.tlog
E:\Automatica si calculatoare\AN III\EGC\Tema1\Raluca_Cosnstanda_332_Tema1_EGC\lab2\Debug\link-rc.read.1.tlog
E:\Automatica si calculatoare\AN III\EGC\Tema1\Raluca_Cosnstanda_332_Tema1_EGC\lab2\Debug\link-rc.write.1.tlog
E:\Automatica si calculatoare\AN III\EGC\Tema1\Raluca_Cosnstanda_332_Tema1_EGC\lab2\Debug\link.command.1.tlog
E:\Automatica si calculatoare\AN III\EGC\Tema1\Raluca_Cosnstanda_332_Tema1_EGC\lab2\Debug\link.read.1.tlog
E:\Automatica si calculatoare\AN III\EGC\Tema1\Raluca_Cosnstanda_332_Tema1_EGC\lab2\Debug\link.write.1.tlog
E:\Automatica si calculatoare\AN III\EGC\Tema1\Raluca_Cosnstanda_332_Tema1_EGC\lab2\Debug\vc110.idb
E:\Automatica si calculatoare\AN III\EGC\Tema1\Raluca_Cosnstanda_332_Tema1_EGC\lab2\Debug\vc110.pdb
E:\Automatica si calculatoare\AN III\EGC\Tema1\Raluca_Cosnstanda_332_Tema1_EGC\Debug\lab2.pdb
E:\Automatica si calculatoare\AN III\EGC\Tema1\Raluca_Cosnstanda_332_Tema1_EGC\Debug\lab2.exe
E:\Automatica si calculatoare\AN III\EGC\Tema1\Raluca_Cosnstanda_332_Tema1_EGC\Debug\lab2.ilk
